<?xml version="1.0" encoding="UTF-8"?>
<!-- Generated by org.testng.reporters.JUnitReportReporter -->
<testsuite hostname="PC-C02X50H9JGH8" failures="0" tests="1" name="simplilearn.com.testng_appium.DialerTest_RealDevice" time="6.025" errors="0" timestamp="2022-07-24T13:58:05 AEST" skipped="0">
  <testcase classname="simplilearn.com.testng_appium.DialerTest_RealDevice" name="sampleTest" time="6.025"/>
</testsuite> <!-- simplilearn.com.testng_appium.DialerTest_RealDevice -->
