<?xml version="1.0" encoding="UTF-8"?>
<!-- Generated by org.testng.reporters.JUnitReportReporter -->
<testsuite hostname="PC-C02X50H9JGH8" failures="0" tests="1" name="simplilearn.com.testng_appium.TimeSpinnerExample" time="9.729" errors="0" timestamp="2022-07-23T16:06:41 AEST" skipped="0">
  <testcase classname="simplilearn.com.testng_appium.TimeSpinnerExample" name="TimeSpinner" time="9.729"/>
</testsuite> <!-- simplilearn.com.testng_appium.TimeSpinnerExample -->
